Build started 11/30/2015 3:39:51 PM.
     1>Project "H:\Game project\Rapid Roll\Rapid Roll\Rapid Roll.vcxproj" on node 2 (Build target(s)).
     1>ClCompile:
         C:\Program Files\Microsoft Visual Studio 11.0\VC\bin\CL.exe /c /ZI /nologo /W3 /WX- /Od /Oy- /D _MBCS /Gm /EHsc /RTC1 /MDd /GS /fp:precise /Zc:wchar_t /Zc:forScope /Fo"Debug\\" /Fd"Debug\vc110.pdb" /Gd /TP /analyze- /errorReport:prompt Source.cpp
         Source.cpp
     1>h:\game project\rapid roll\rapid roll\source.cpp(112): warning C4996: 'sprintf': This function or variable may be unsafe. Consider using sprintf_s instead. To disable deprecation, use _CRT_SECURE_NO_WARNINGS. See online help for details.
                 c:\program files\microsoft visual studio 11.0\vc\include\stdio.h(357) : see declaration of 'sprintf'
     1>h:\game project\rapid roll\rapid roll\source.cpp(120): warning C4996: 'sprintf': This function or variable may be unsafe. Consider using sprintf_s instead. To disable deprecation, use _CRT_SECURE_NO_WARNINGS. See online help for details.
                 c:\program files\microsoft visual studio 11.0\vc\include\stdio.h(357) : see declaration of 'sprintf'
     1>h:\game project\rapid roll\rapid roll\source.cpp(168): warning C4138: '*/' found outside of comment
     1>h:\game project\rapid roll\rapid roll\source.cpp(168): error C2059: syntax error : '/'
     1>Done Building Project "H:\Game project\Rapid Roll\Rapid Roll\Rapid Roll.vcxproj" (Build target(s)) -- FAILED.

Build FAILED.

Time Elapsed 00:00:06.83
